<?xml version="1.0" encoding="UTF-8"?>
<!-- Generated by org.testng.reporters.JUnitReportReporter -->
<testsuite hostname="ws-02-10-102" failures="0" tests="1" name="com.preston.frameworkproject01.OrderCompleteTest" time="40.850" errors="0" timestamp="2024-12-27T19:08:54 IST" skipped="0">
  <testcase classname="com.preston.frameworkproject01.OrderCompleteTest" name="endToendTest" time="40.850"/>
  <system-out/>
</testsuite> <!-- com.preston.frameworkproject01.OrderCompleteTest -->
