<?xml version="1.0" encoding="UTF-8"?>
<!-- Generated by org.testng.reporters.JUnitReportReporter -->
<testsuite hostname="ws-02-10-102" failures="0" tests="1" name="com.preston.frameworkproject01.ShopLoginTest" time="36.795" errors="0" timestamp="2024-12-30T15:01:36 IST" skipped="0">
  <testcase classname="com.preston.frameworkproject01.ShopLoginTest" name="addRemoveItem" time="36.795"/>
  <system-out/>
</testsuite> <!-- com.preston.frameworkproject01.ShopLoginTest -->
