<?xml version="1.0" encoding="UTF-8"?>
<!-- Generated by org.testng.reporters.JUnitReportReporter -->
<testsuite hostname="ws-02-10-102" failures="0" tests="1" name="com.preston.frameworkproject01.AddRemoveItemBasketTest" time="17.412" errors="0" timestamp="2024-12-29T12:02:02 IST" skipped="0">
  <testcase classname="com.preston.frameworkproject01.AddRemoveItemBasketTest" name="addRemoveItem" time="17.412"/>
  <system-out/>
</testsuite> <!-- com.preston.frameworkproject01.AddRemoveItemBasketTest -->
